app/build/intermediates/manifest_merge_blame_file/debug/processDebugMainManifest/manifest-merger-blame-debug-report.txt
1<?xml version="1.0" encoding="utf-8"?>
2<manifest xmlns:android="http://schemas.android.com/apk/res/android"
3    package="com.hnk.wallpaper"
4    android:versionCode="1"
5    android:versionName="1.0" >
6
7    <uses-sdk
8        android:minSdkVersion="24"
9        android:targetSdkVersion="33" />
10
11    <uses-permission android:name="android.permission.SET_WALLPAPER" />
11-->src\main\AndroidManifest.xml:4:5-72
11-->src\main\AndroidManifest.xml:4:22-69
12    <uses-permission
12-->src\main\AndroidManifest.xml:6:5-8:38
13        android:name="android.permission.READ_MEDIA_VISUAL_USER_SELECTED"
13-->src\main\AndroidManifest.xml:6:22-87
14        android:minSdkVersion="24"
14-->src\main\AndroidManifest.xml:8:9-35
15        android:required="false" />
15-->src\main\AndroidManifest.xml:7:9-33
16    <uses-permission
16-->src\main\AndroidManifest.xml:10:5-12:38
17        android:name="android.permission.READ_MEDIA_IMAGES"
17-->src\main\AndroidManifest.xml:10:22-73
18        android:minSdkVersion="24"
18-->src\main\AndroidManifest.xml:12:9-35
19        android:required="false" />
19-->src\main\AndroidManifest.xml:11:9-33
20    <uses-permission
20-->src\main\AndroidManifest.xml:14:5-16:38
21        android:name="android.permission.READ_MEDIA_VIDEO"
21-->src\main\AndroidManifest.xml:14:22-72
22        android:minSdkVersion="24"
22-->src\main\AndroidManifest.xml:16:9-35
23        android:required="false" />
23-->src\main\AndroidManifest.xml:15:9-33
24    <uses-permission
24-->src\main\AndroidManifest.xml:18:5-20:38
25        android:name="android.permission.READ_MEDIA_AUDIO"
25-->src\main\AndroidManifest.xml:18:22-72
26        android:minSdkVersion="24"
26-->src\main\AndroidManifest.xml:20:9-35
27        android:required="false" />
27-->src\main\AndroidManifest.xml:19:9-33
28    <uses-permission
28-->src\main\AndroidManifest.xml:22:5-25:38
29        android:name="android.permission.READ_EXTERNAL_STORAGE"
29-->src\main\AndroidManifest.xml:22:22-77
30        android:maxSdkVersion="32"
30-->src\main\AndroidManifest.xml:25:9-35
31        android:minSdkVersion="24"
31-->src\main\AndroidManifest.xml:24:9-35
32        android:required="false" />
32-->src\main\AndroidManifest.xml:23:9-33
33    <uses-permission
33-->src\main\AndroidManifest.xml:27:5-30:38
34        android:name="android.permission.WRITE_EXTERNAL_STORAGE"
34-->src\main\AndroidManifest.xml:27:22-78
35        android:maxSdkVersion="28"
35-->src\main\AndroidManifest.xml:30:9-35
36        android:minSdkVersion="24"
36-->src\main\AndroidManifest.xml:29:9-35
37        android:required="false" />
37-->src\main\AndroidManifest.xml:28:9-33
38    <uses-permission android:name="android.permission.INTERNET" />
38-->src\main\AndroidManifest.xml:32:5-67
38-->src\main\AndroidManifest.xml:32:22-64
39    <uses-permission android:name="android.permission.ACCESS_NETWORK_STATE" />
39-->src\main\AndroidManifest.xml:33:5-79
39-->src\main\AndroidManifest.xml:33:22-76
40
41    <permission
41-->[androidx.core:core:1.13.1] AndroidManifest.xml:22:5-24:47
42        android:name="com.hnk.wallpaper.DYNAMIC_RECEIVER_NOT_EXPORTED_PERMISSION"
42-->[androidx.core:core:1.13.1] AndroidManifest.xml:23:9-81
43        android:protectionLevel="signature" />
43-->[androidx.core:core:1.13.1] AndroidManifest.xml:24:9-44
44
45    <uses-permission android:name="com.hnk.wallpaper.DYNAMIC_RECEIVER_NOT_EXPORTED_PERMISSION" />
45-->[androidx.core:core:1.13.1] AndroidManifest.xml:26:5-97
45-->[androidx.core:core:1.13.1] AndroidManifest.xml:26:22-94
46
47    <application
47-->src\main\AndroidManifest.xml:35:5-89:19
48        android:name="com.hnk.wallpaper.MyApp"
48-->src\main\AndroidManifest.xml:36:9-30
49        android:allowBackup="false"
49-->src\main\AndroidManifest.xml:37:9-36
50        android:appComponentFactory="androidx.core.app.CoreComponentFactory"
50-->[androidx.core:core:1.13.1] AndroidManifest.xml:28:18-86
51        android:dataExtractionRules="@xml/data_extraction_rules"
51-->src\main\AndroidManifest.xml:38:9-65
52        android:debuggable="true"
53        android:extractNativeLibs="false"
54        android:fullBackupContent="@xml/backup_rules"
54-->src\main\AndroidManifest.xml:39:9-54
55        android:icon="@mipmap/ic_launcher"
55-->src\main\AndroidManifest.xml:40:9-43
56        android:label="@string/app_name"
56-->src\main\AndroidManifest.xml:41:9-41
57        android:roundIcon="@mipmap/ic_launcher_round"
57-->src\main\AndroidManifest.xml:42:9-54
58        android:supportsRtl="true"
58-->src\main\AndroidManifest.xml:43:9-35
59        android:testOnly="true"
60        android:theme="@style/Theme.Wallpaper" >
60-->src\main\AndroidManifest.xml:44:9-47
61        <provider
62            android:name="androidx.core.content.FileProvider"
62-->src\main\AndroidManifest.xml:49:13-62
63            android:authorities="com.hnk.wallpaper.fileprovider"
63-->src\main\AndroidManifest.xml:50:13-64
64            android:exported="false"
64-->src\main\AndroidManifest.xml:51:13-37
65            android:grantUriPermissions="true" >
65-->src\main\AndroidManifest.xml:52:13-47
66            <meta-data
66-->src\main\AndroidManifest.xml:53:13-55:54
67                android:name="android.support.FILE_PROVIDER_PATHS"
67-->src\main\AndroidManifest.xml:54:17-67
68                android:resource="@xml/file_paths" />
68-->src\main\AndroidManifest.xml:55:17-51
69        </provider>
70
71        <activity
71-->src\main\AndroidManifest.xml:58:9-67:20
72            android:name="com.hnk.wallpaper.ui.splash.SplashActivity"
72-->src\main\AndroidManifest.xml:59:13-53
73            android:exported="true"
73-->src\main\AndroidManifest.xml:60:13-36
74            android:screenOrientation="portrait" >
74-->src\main\AndroidManifest.xml:61:13-49
75            <intent-filter>
75-->src\main\AndroidManifest.xml:63:13-66:29
76                <action android:name="android.intent.action.MAIN" />
76-->src\main\AndroidManifest.xml:64:17-69
76-->src\main\AndroidManifest.xml:64:25-66
77
78                <category android:name="android.intent.category.LAUNCHER" />
78-->src\main\AndroidManifest.xml:65:17-77
78-->src\main\AndroidManifest.xml:65:27-74
79            </intent-filter>
80        </activity>
81        <activity
81-->src\main\AndroidManifest.xml:69:9-74:15
82            android:name="com.hnk.wallpaper.ui.main.MainActivity"
82-->src\main\AndroidManifest.xml:70:13-49
83            android:exported="false"
83-->src\main\AndroidManifest.xml:71:13-37
84            android:screenOrientation="portrait"
84-->src\main\AndroidManifest.xml:73:13-49
85            android:windowSoftInputMode="adjustResize" />
85-->src\main\AndroidManifest.xml:72:13-55
86        <activity
86-->src\main\AndroidManifest.xml:76:9-79:71
87            android:name="com.yalantis.ucrop.UCropActivity"
87-->src\main\AndroidManifest.xml:77:13-60
88            android:screenOrientation="portrait"
88-->src\main\AndroidManifest.xml:78:13-49
89            android:theme="@style/Theme.AppCompat.Light.NoActionBar" />
89-->src\main\AndroidManifest.xml:79:13-69
90
91        <receiver
91-->src\main\AndroidManifest.xml:81:9-87:20
92            android:name="com.hnk.wallpaper.service.receiver.WallpaperReceiver"
92-->src\main\AndroidManifest.xml:82:13-63
93            android:exported="false" >
93-->src\main\AndroidManifest.xml:83:13-37
94            <intent-filter>
94-->src\main\AndroidManifest.xml:84:13-86:29
95                <action android:name="android.intent.action.WALLPAPER_CHANGED" />
95-->src\main\AndroidManifest.xml:85:17-82
95-->src\main\AndroidManifest.xml:85:25-79
96            </intent-filter>
97        </receiver>
98
99        <service
99-->[androidx.room:room-runtime:2.6.1] AndroidManifest.xml:24:9-28:63
100            android:name="androidx.room.MultiInstanceInvalidationService"
100-->[androidx.room:room-runtime:2.6.1] AndroidManifest.xml:25:13-74
101            android:directBootAware="true"
101-->[androidx.room:room-runtime:2.6.1] AndroidManifest.xml:26:13-43
102            android:exported="false" />
102-->[androidx.room:room-runtime:2.6.1] AndroidManifest.xml:27:13-37
103
104        <activity
104-->[androidx.compose.ui:ui-tooling:1.4.0] AndroidManifest.xml:23:9-25:39
105            android:name="androidx.compose.ui.tooling.PreviewActivity"
105-->[androidx.compose.ui:ui-tooling:1.4.0] AndroidManifest.xml:24:13-71
106            android:exported="true" />
106-->[androidx.compose.ui:ui-tooling:1.4.0] AndroidManifest.xml:25:13-36
107
108        <provider
108-->[androidx.emoji2:emoji2:1.3.0] AndroidManifest.xml:24:9-32:20
109            android:name="androidx.startup.InitializationProvider"
109-->[androidx.emoji2:emoji2:1.3.0] AndroidManifest.xml:25:13-67
110            android:authorities="com.hnk.wallpaper.androidx-startup"
110-->[androidx.emoji2:emoji2:1.3.0] AndroidManifest.xml:26:13-68
111            android:exported="false" >
111-->[androidx.emoji2:emoji2:1.3.0] AndroidManifest.xml:27:13-37
112            <meta-data
112-->[androidx.emoji2:emoji2:1.3.0] AndroidManifest.xml:29:13-31:52
113                android:name="androidx.emoji2.text.EmojiCompatInitializer"
113-->[androidx.emoji2:emoji2:1.3.0] AndroidManifest.xml:30:17-75
114                android:value="androidx.startup" />
114-->[androidx.emoji2:emoji2:1.3.0] AndroidManifest.xml:31:17-49
115            <meta-data
115-->[androidx.lifecycle:lifecycle-process:2.6.2] AndroidManifest.xml:29:13-31:52
116                android:name="androidx.lifecycle.ProcessLifecycleInitializer"
116-->[androidx.lifecycle:lifecycle-process:2.6.2] AndroidManifest.xml:30:17-78
117                android:value="androidx.startup" />
117-->[androidx.lifecycle:lifecycle-process:2.6.2] AndroidManifest.xml:31:17-49
118            <meta-data
118-->[androidx.profileinstaller:profileinstaller:1.3.1] AndroidManifest.xml:29:13-31:52
119                android:name="androidx.profileinstaller.ProfileInstallerInitializer"
119-->[androidx.profileinstaller:profileinstaller:1.3.1] AndroidManifest.xml:30:17-85
120                android:value="androidx.startup" />
120-->[androidx.profileinstaller:profileinstaller:1.3.1] AndroidManifest.xml:31:17-49
121        </provider>
122
123        <uses-library
123-->[androidx.window:window:1.0.0] AndroidManifest.xml:25:9-27:40
124            android:name="androidx.window.extensions"
124-->[androidx.window:window:1.0.0] AndroidManifest.xml:26:13-54
125            android:required="false" />
125-->[androidx.window:window:1.0.0] AndroidManifest.xml:27:13-37
126        <uses-library
126-->[androidx.window:window:1.0.0] AndroidManifest.xml:28:9-30:40
127            android:name="androidx.window.sidecar"
127-->[androidx.window:window:1.0.0] AndroidManifest.xml:29:13-51
128            android:required="false" />
128-->[androidx.window:window:1.0.0] AndroidManifest.xml:30:13-37
129
130        <receiver
130-->[androidx.profileinstaller:profileinstaller:1.3.1] AndroidManifest.xml:34:9-52:20
131            android:name="androidx.profileinstaller.ProfileInstallReceiver"
131-->[androidx.profileinstaller:profileinstaller:1.3.1] AndroidManifest.xml:35:13-76
132            android:directBootAware="false"
132-->[androidx.profileinstaller:profileinstaller:1.3.1] AndroidManifest.xml:36:13-44
133            android:enabled="true"
133-->[androidx.profileinstaller:profileinstaller:1.3.1] AndroidManifest.xml:37:13-35
134            android:exported="true"
134-->[androidx.profileinstaller:profileinstaller:1.3.1] AndroidManifest.xml:38:13-36
135            android:permission="android.permission.DUMP" >
135-->[androidx.profileinstaller:profileinstaller:1.3.1] AndroidManifest.xml:39:13-57
136            <intent-filter>
136-->[androidx.profileinstaller:profileinstaller:1.3.1] AndroidManifest.xml:40:13-42:29
137                <action android:name="androidx.profileinstaller.action.INSTALL_PROFILE" />
137-->[androidx.profileinstaller:profileinstaller:1.3.1] AndroidManifest.xml:41:17-91
137-->[androidx.profileinstaller:profileinstaller:1.3.1] AndroidManifest.xml:41:25-88
138            </intent-filter>
139            <intent-filter>
139-->[androidx.profileinstaller:profileinstaller:1.3.1] AndroidManifest.xml:43:13-45:29
140                <action android:name="androidx.profileinstaller.action.SKIP_FILE" />
140-->[androidx.profileinstaller:profileinstaller:1.3.1] AndroidManifest.xml:44:17-85
140-->[androidx.profileinstaller:profileinstaller:1.3.1] AndroidManifest.xml:44:25-82
141            </intent-filter>
142            <intent-filter>
142-->[androidx.profileinstaller:profileinstaller:1.3.1] AndroidManifest.xml:46:13-48:29
143                <action android:name="androidx.profileinstaller.action.SAVE_PROFILE" />
143-->[androidx.profileinstaller:profileinstaller:1.3.1] AndroidManifest.xml:47:17-88
143-->[androidx.profileinstaller:profileinstaller:1.3.1] AndroidManifest.xml:47:25-85
144            </intent-filter>
145            <intent-filter>
145-->[androidx.profileinstaller:profileinstaller:1.3.1] AndroidManifest.xml:49:13-51:29
146                <action android:name="androidx.profileinstaller.action.BENCHMARK_OPERATION" />
146-->[androidx.profileinstaller:profileinstaller:1.3.1] AndroidManifest.xml:50:17-95
146-->[androidx.profileinstaller:profileinstaller:1.3.1] AndroidManifest.xml:50:25-92
147            </intent-filter>
148        </receiver>
149    </application>
150
151</manifest>